
> Configure project :app
WARNING: Using flatDir should be avoided because it doesn't support any meta-data formats.

> Configure project :capacitor-cordova-android-plugins
WARNING: Using flatDir should be avoided because it doesn't support any meta-data formats.

> Task :app:preBuild UP-TO-DATE
> Task :app:preReleaseBuild UP-TO-DATE
> Task :app:mergeReleaseJniLibFolders UP-TO-DATE
> Task :capacitor-android:preBuild UP-TO-DATE
> Task :capacitor-android:preReleaseBuild UP-TO-DATE
> Task :capacitor-android:mergeReleaseJniLibFolders UP-TO-DATE
> Task :capacitor-android:mergeReleaseNativeLibs NO-SOURCE
> Task :capacitor-android:copyReleaseJniLibsProjectOnly UP-TO-DATE
> Task :capacitor-cordova-android-plugins:preBuild UP-TO-DATE
> Task :capacitor-cordova-android-plugins:preReleaseBuild UP-TO-DATE
> Task :capacitor-cordova-android-plugins:mergeReleaseJniLibFolders UP-TO-DATE
> Task :capacitor-cordova-android-plugins:mergeReleaseNativeLibs NO-SOURCE
> Task :capacitor-cordova-android-plugins:copyReleaseJniLibsProjectOnly UP-TO-DATE
> Task :app:mergeReleaseNativeLibs NO-SOURCE
> Task :app:stripReleaseDebugSymbols NO-SOURCE
> Task :app:extractReleaseNativeSymbolTables NO-SOURCE
> Task :app:mergeReleaseNativeDebugMetadata NO-SOURCE
> Task :capacitor-android:generateReleaseResValues UP-TO-DATE
> Task :capacitor-android:generateReleaseResources UP-TO-DATE
> Task :capacitor-android:packageReleaseResources UP-TO-DATE
> Task :capacitor-android:processReleaseNavigationResources UP-TO-DATE
> Task :capacitor-android:parseReleaseLocalResources UP-TO-DATE
> Task :capacitor-android:generateReleaseRFile UP-TO-DATE
> Task :capacitor-android:javaPreCompileRelease UP-TO-DATE
> Task :capacitor-android:compileReleaseJavaWithJavac UP-TO-DATE
> Task :capacitor-android:bundleLibRuntimeToDirRelease UP-TO-DATE
> Task :capacitor-cordova-android-plugins:generateReleaseResValues UP-TO-DATE
> Task :capacitor-cordova-android-plugins:generateReleaseResources UP-TO-DATE
> Task :capacitor-cordova-android-plugins:packageReleaseResources UP-TO-DATE
> Task :capacitor-cordova-android-plugins:processReleaseNavigationResources UP-TO-DATE
> Task :capacitor-cordova-android-plugins:parseReleaseLocalResources UP-TO-DATE
> Task :capacitor-cordova-android-plugins:generateReleaseRFile UP-TO-DATE
> Task :capacitor-cordova-android-plugins:javaPreCompileRelease UP-TO-DATE
> Task :capacitor-cordova-android-plugins:compileReleaseJavaWithJavac NO-SOURCE
> Task :capacitor-cordova-android-plugins:bundleLibRuntimeToDirRelease UP-TO-DATE
> Task :app:checkReleaseDuplicateClasses UP-TO-DATE
> Task :app:javaPreCompileRelease UP-TO-DATE
> Task :capacitor-android:writeReleaseAarMetadata UP-TO-DATE
> Task :capacitor-cordova-android-plugins:writeReleaseAarMetadata UP-TO-DATE
> Task :app:checkReleaseAarMetadata UP-TO-DATE
> Task :app:processReleaseNavigationResources UP-TO-DATE
> Task :app:compileReleaseNavigationResources UP-TO-DATE
> Task :app:generateReleaseResValues UP-TO-DATE
> Task :app:mapReleaseSourceSetPaths UP-TO-DATE
> Task :app:generateReleaseResources UP-TO-DATE
> Task :app:packageReleaseResources UP-TO-DATE
> Task :app:parseReleaseLocalResources UP-TO-DATE
> Task :app:createReleaseCompatibleScreenManifests UP-TO-DATE
> Task :app:extractDeepLinksRelease UP-TO-DATE
> Task :capacitor-android:extractDeepLinksRelease UP-TO-DATE
> Task :capacitor-android:processReleaseManifest UP-TO-DATE
> Task :capacitor-cordova-android-plugins:extractDeepLinksRelease UP-TO-DATE
> Task :capacitor-cordova-android-plugins:processReleaseManifest UP-TO-DATE
> Task :app:processReleaseMainManifest UP-TO-DATE
> Task :app:processReleaseManifest UP-TO-DATE
> Task :app:processReleaseManifestForPackage UP-TO-DATE
> Task :capacitor-android:compileReleaseLibraryResources UP-TO-DATE
> Task :capacitor-cordova-android-plugins:compileReleaseLibraryResources UP-TO-DATE
> Task :capacitor-android:bundleLibCompileToJarRelease UP-TO-DATE
> Task :capacitor-cordova-android-plugins:bundleLibCompileToJarRelease UP-TO-DATE
> Task :app:desugarReleaseFileDependencies UP-TO-DATE
> Task :app:mergeReleaseStartupProfile UP-TO-DATE
> Task :app:mergeExtDexRelease UP-TO-DATE
> Task :capacitor-android:prepareReleaseArtProfile UP-TO-DATE
> Task :capacitor-cordova-android-plugins:prepareReleaseArtProfile UP-TO-DATE
> Task :app:mergeReleaseArtProfile UP-TO-DATE
> Task :capacitor-android:bundleLibRuntimeToJarRelease UP-TO-DATE
> Task :capacitor-cordova-android-plugins:bundleLibRuntimeToJarRelease UP-TO-DATE
> Task :app:mergeReleaseShaders UP-TO-DATE
> Task :app:compileReleaseShaders NO-SOURCE
> Task :app:generateReleaseAssets UP-TO-DATE
> Task :capacitor-android:mergeReleaseShaders UP-TO-DATE
> Task :capacitor-android:compileReleaseShaders NO-SOURCE
> Task :capacitor-android:generateReleaseAssets UP-TO-DATE
> Task :capacitor-android:mergeReleaseAssets UP-TO-DATE
> Task :capacitor-cordova-android-plugins:mergeReleaseShaders UP-TO-DATE
> Task :capacitor-cordova-android-plugins:compileReleaseShaders NO-SOURCE
> Task :capacitor-cordova-android-plugins:generateReleaseAssets UP-TO-DATE
> Task :capacitor-cordova-android-plugins:mergeReleaseAssets UP-TO-DATE
> Task :app:mergeReleaseAssets UP-TO-DATE
> Task :app:compressReleaseAssets UP-TO-DATE
> Task :app:extractReleaseVersionControlInfo UP-TO-DATE
> Task :app:extractProguardFiles UP-TO-DATE
> Task :capacitor-android:processReleaseJavaRes NO-SOURCE
> Task :capacitor-android:createFullJarRelease UP-TO-DATE
> Task :capacitor-android:extractProguardFiles UP-TO-DATE
> Task :capacitor-android:generateReleaseLintModel UP-TO-DATE
> Task :capacitor-android:prepareLintJarForPublish UP-TO-DATE
> Task :capacitor-cordova-android-plugins:processReleaseJavaRes NO-SOURCE
> Task :capacitor-cordova-android-plugins:createFullJarRelease UP-TO-DATE
> Task :capacitor-cordova-android-plugins:extractProguardFiles UP-TO-DATE
> Task :capacitor-cordova-android-plugins:generateReleaseLintModel UP-TO-DATE
> Task :capacitor-cordova-android-plugins:prepareLintJarForPublish UP-TO-DATE
> Task :capacitor-android:checkReleaseAarMetadata UP-TO-DATE
> Task :capacitor-android:stripReleaseDebugSymbols NO-SOURCE
> Task :capacitor-android:copyReleaseJniLibsProjectAndLocalJars UP-TO-DATE
> Task :capacitor-android:extractDeepLinksForAarRelease UP-TO-DATE
> Task :capacitor-android:extractReleaseAnnotations UP-TO-DATE
> Task :capacitor-android:mergeReleaseGeneratedProguardFiles UP-TO-DATE
> Task :capacitor-android:mergeReleaseConsumerProguardFiles UP-TO-DATE
> Task :capacitor-android:mergeReleaseJavaResource UP-TO-DATE
> Task :capacitor-android:syncReleaseLibJars UP-TO-DATE
> Task :capacitor-android:bundleReleaseLocalLintAar
> Task :capacitor-cordova-android-plugins:checkReleaseAarMetadata UP-TO-DATE
> Task :capacitor-cordova-android-plugins:stripReleaseDebugSymbols NO-SOURCE
> Task :capacitor-cordova-android-plugins:copyReleaseJniLibsProjectAndLocalJars
> Task :capacitor-cordova-android-plugins:extractDeepLinksForAarRelease UP-TO-DATE
> Task :capacitor-cordova-android-plugins:extractReleaseAnnotations
> Task :capacitor-cordova-android-plugins:mergeReleaseGeneratedProguardFiles UP-TO-DATE
> Task :capacitor-cordova-android-plugins:mergeReleaseConsumerProguardFiles UP-TO-DATE
> Task :capacitor-cordova-android-plugins:mergeReleaseJavaResource
> Task :capacitor-cordova-android-plugins:syncReleaseLibJars
> Task :capacitor-cordova-android-plugins:bundleReleaseLocalLintAar
> Task :capacitor-android:writeReleaseLintModelMetadata
> Task :capacitor-cordova-android-plugins:writeReleaseLintModelMetadata
> Task :capacitor-android:generateReleaseLintVitalModel
> Task :capacitor-cordova-android-plugins:generateReleaseLintVitalModel
> Task :app:processReleaseJavaRes NO-SOURCE
> Task :app:collectReleaseDependencies
> Task :app:sdkReleaseDependencyData
> Task :app:writeReleaseAppMetadata
> Task :app:writeReleaseSigningConfigVersions
> Task :capacitor-android:bundleReleaseAar
> Task :capacitor-android:mapReleaseSourceSetPaths
> Task :app:mergeReleaseResources FAILED
> Task :app:mergeReleaseJavaResource
> Task :capacitor-android:mergeReleaseResources
> Task :capacitor-android:lintVitalAnalyzeRelease
> Task :capacitor-cordova-android-plugins:lintVitalAnalyzeRelease

FAILURE: Build failed with an exception.

* What went wrong:
Execution failed for task ':app:mergeReleaseResources'.
> Multiple task action failures occurred:
   > A failure occurred while executing com.android.build.gradle.internal.res.Aapt2CompileRunnable
      > Android resource compilation failed
        ERROR: C:\laragon\www\khatma\android\app\src\main\res\mipmap-mdpi\ic_launcher.png: AAPT: error: file failed to compile.
            
   > A failure occurred while executing com.android.build.gradle.internal.res.Aapt2CompileRunnable
      > Android resource compilation failed
        ERROR: C:\laragon\www\khatma\android\app\src\main\res\mipmap-xhdpi\ic_launcher_foreground.png: AAPT: error: file failed to compile.
            
   > A failure occurred while executing com.android.build.gradle.internal.res.Aapt2CompileRunnable
      > Android resource compilation failed
        ERROR: C:\laragon\www\khatma\android\app\src\main\res\mipmap-xhdpi\ic_launcher.png: AAPT: error: file failed to compile.
            
   > A failure occurred while executing com.android.build.gradle.internal.res.Aapt2CompileRunnable
      > Android resource compilation failed
        ERROR: C:\laragon\www\khatma\android\app\src\main\res\mipmap-hdpi\ic_launcher.png: AAPT: error: file failed to compile.
            
   > A failure occurred while executing com.android.build.gradle.internal.res.Aapt2CompileRunnable
      > Android resource compilation failed
        ERROR: C:\laragon\www\khatma\android\app\src\main\res\mipmap-xxhdpi\ic_launcher.png: AAPT: error: file failed to compile.
            
   > A failure occurred while executing com.android.build.gradle.internal.res.Aapt2CompileRunnable
      > Android resource compilation failed
        ERROR: C:\laragon\www\khatma\android\app\src\main\res\mipmap-mdpi\ic_launcher_round.png: AAPT: error: file failed to compile.
            
   > A failure occurred while executing com.android.build.gradle.internal.res.Aapt2CompileRunnable
      > Android resource compilation failed
        ERROR: C:\laragon\www\khatma\android\app\src\main\res\mipmap-xxxhdpi\ic_launcher_foreground.png: AAPT: error: file failed to compile.
            
   > A failure occurred while executing com.android.build.gradle.internal.res.Aapt2CompileRunnable
      > Android resource compilation failed
        ERROR: C:\laragon\www\khatma\android\app\src\main\res\mipmap-xhdpi\ic_launcher_round.png: AAPT: error: file failed to compile.
            

* Try:
> Run with --stacktrace option to get the stack trace.
> Run with --info or --debug option to get more log output.
> Run with --scan to get full insights.
> Get more help at https://help.gradle.org.

BUILD FAILED in 12s
105 actionable tasks: 21 executed, 84 up-to-date
